This is pdfTeX, Version 3.1415926-2.5-1.40.14 (MiKTeX 2.9 64-bit) (preloaded format=pdflatex 2014.2.21)  22 FEB 2014 00:09
entering extended mode
**titlepage.tex
("C:\Users\Hemangi\Dropbox\BE Project\Report\titlepage.tex"
LaTeX2e <2011/06/27>
Babel <v3.8m> and hyphenation patterns for english, afrikaans, ancientgreek, arabic, armenian, assamese, basque, bengali
, bokmal, bulgarian, catalan, coptic, croatian, czech, danish, dutch, esperanto, estonian, farsi, finnish, french, galic
ian, german, german-x-2013-05-26, greek, gujarati, hindi, hungarian, icelandic, indonesian, interlingua, irish, italian,
 kannada, kurmanji, latin, latvian, lithuanian, malayalam, marathi, mongolian, mongolianlmc, monogreek, ngerman, ngerman
-x-2013-05-26, nynorsk, oriya, panjabi, pinyin, polish, portuguese, romanian, russian, sanskrit, serbian, slovak, sloven
ian, spanish, swedish, swissgerman, tamil, telugu, turkish, turkmen, ukenglish, ukrainian, uppersorbian, usenglishmax, w
elsh, loaded.

! LaTeX Error: Environment titlepage undefined.

See the LaTeX manual or LaTeX Companion for explanation.
Type  H <return>  for immediate help.
 ...                                              
                                                  
l.2 \begin{titlepage}
                     
Your command was ignored.
Type  I <command> <return>  to replace it with another command,
or  <return>  to continue without it.

! Undefined control sequence.
l.7 \thisfancypage
                  {%
The control sequence at the end of the top line
of your error message was never \def'ed. If you have
misspelled it (e.g., `\hobx'), type `I' and the correct
spelling (e.g., `I\hbox'). Otherwise just continue,
and I'll forget about whatever was undefined.

! Undefined control sequence.
l.8   \setlength{\fboxrule}{1pt}\doublebox
                                          }{}
The control sequence at the end of the top line
of your error message was never \def'ed. If you have
misspelled it (e.g., `\hobx'), type `I' and the correct
spelling (e.g., `I\hbox'). Otherwise just continue,
and I'll forget about whatever was undefined.


! LaTeX Error: Missing \begin{document}.

See the LaTeX manual or LaTeX Companion for explanation.
Type  H <return>  for immediate help.
 ...                                              
                                                  
l.10 \begin{center}
                   
You're in trouble here.  Try typing  <return>  to proceed.
If that doesn't work, type  X <return>  to quit.


Overfull \hbox (20.0pt too wide) in paragraph at lines 10--10
[] 
 []

! Undefined control sequence.
l.11 \large
           {\mbox{} \\ \mbox{}
The control sequence at the end of the top line
of your error message was never \def'ed. If you have
misspelled it (e.g., `\hobx'), type `I' and the correct
spelling (e.g., `I\hbox'). Otherwise just continue,
and I'll forget about whatever was undefined.

! Undefined control sequence.
<recently read> \thesistype 
                            
l.14 \textbf{\thesistype}
                         \\ %\\ \mbox{}
The control sequence at the end of the top line
of your error message was never \def'ed. If you have
misspelled it (e.g., `\hobx'), type `I' and the correct
spelling (e.g., `I\hbox'). Otherwise just continue,
and I'll forget about whatever was undefined.


Overfull \hbox (12.41098pt too wide) in paragraph at lines 16--16
 \OT1/cmr/bx/it/10 on 
 []

! Undefined control sequence.
<recently read> \textcolor 
                           
l.18 \textcolor
               {cust-blue}{\Large{\textbf{\thesistitle}}}
The control sequence at the end of the top line
of your error message was never \def'ed. If you have
misspelled it (e.g., `\hobx'), type `I' and the correct
spelling (e.g., `I\hbox'). Otherwise just continue,
and I'll forget about whatever was undefined.

Missing character: There is no c in font nullfont!
Missing character: There is no u in font nullfont!
Missing character: There is no s in font nullfont!
Missing character: There is no t in font nullfont!
Missing character: There is no - in font nullfont!
Missing character: There is no b in font nullfont!
Missing character: There is no l in font nullfont!
Missing character: There is no u in font nullfont!
Missing character: There is no e in font nullfont!
! Undefined control sequence.
l.18 \textcolor{cust-blue}{\Large
                                 {\textbf{\thesistitle}}}
The control sequence at the end of the top line
of your error message was never \def'ed. If you have
misspelled it (e.g., `\hobx'), type `I' and the correct
spelling (e.g., `I\hbox'). Otherwise just continue,
and I'll forget about whatever was undefined.

! Undefined control sequence.
<recently read> \thesistitle 
                             
l.18 ...or{cust-blue}{\Large{\textbf{\thesistitle}
                                                  }}
The control sequence at the end of the top line
of your error message was never \def'ed. If you have
misspelled it (e.g., `\hobx'), type `I' and the correct
spelling (e.g., `I\hbox'). Otherwise just continue,
and I'll forget about whatever was undefined.

! Undefined control sequence.
l.21 \large
           {\textbf{Submitted by :}} \\ \mbox{}
The control sequence at the end of the top line
of your error message was never \def'ed. If you have
misspelled it (e.g., `\hobx'), type `I' and the correct
spelling (e.g., `I\hbox'). Otherwise just continue,
and I'll forget about whatever was undefined.


Overfull \hbox (22.99988pt too wide) in paragraph at lines 19--21
 \OT1/cmr/bx/n/10 Sub- 
 []


Overfull \hbox (21.08322pt too wide) in paragraph at lines 19--21
 \OT1/cmr/bx/n/10 mit- 
 []


Overfull \hbox (16.13187pt too wide) in paragraph at lines 19--21
 \OT1/cmr/bx/n/10 ted 
 []


Overfull \hbox (12.13882pt too wide) in paragraph at lines 19--21
 \OT1/cmr/bx/n/10 by 
 []


Overfull \hbox (3.19443pt too wide) in paragraph at lines 19--21
 \OT1/cmr/bx/n/10 : 
 []

! Undefined control sequence.
l.22 \small
           {\authorname} \\ \mbox{} \\
The control sequence at the end of the top line
of your error message was never \def'ed. If you have
misspelled it (e.g., `\hobx'), type `I' and the correct
spelling (e.g., `I\hbox'). Otherwise just continue,
and I'll forget about whatever was undefined.

! Undefined control sequence.
l.22 \small{\authorname
                       } \\ \mbox{} \\
The control sequence at the end of the top line
of your error message was never \def'ed. If you have
misspelled it (e.g., `\hobx'), type `I' and the correct
spelling (e.g., `I\hbox'). Otherwise just continue,
and I'll forget about whatever was undefined.


! LaTeX Error: The font size command \normalsize is not defined:
               there is probably something wrong with the class file.

See the LaTeX manual or LaTeX Companion for explanation.
Type  H <return>  for immediate help.
 ...                                              
                                                  
l.26 \textbf{\normalsize{Under the Guidance of:}}
                                                  \\ \mbox{}
Your command was ignored.
Type  I <command> <return>  to replace it with another command,
or  <return>  to continue without it.


Overfull \hbox (19.06934pt too wide) in paragraph at lines 24--26
 \OT1/cmr/bx/n/10 Un- 
 []


Overfull \hbox (16.39577pt too wide) in paragraph at lines 24--26
 \OT1/cmr/bx/n/10 der 
 []


Overfull \hbox (16.13187pt too wide) in paragraph at lines 24--26
 \OT1/cmr/bx/n/10 the 
 []


Overfull \hbox (28.84706pt too wide) in paragraph at lines 24--26
 \OT1/cmr/bx/n/10 Guid- 
 []


Overfull \hbox (22.36098pt too wide) in paragraph at lines 24--26
 \OT1/cmr/bx/n/10 ance 
 []


Overfull \hbox (12.45827pt too wide) in paragraph at lines 24--26
 \OT1/cmr/bx/n/10 of: 
 []

! Undefined control sequence.
l.27 \large
           {\textbf{\guidename}} \\ \mbox{} \\
The control sequence at the end of the top line
of your error message was never \def'ed. If you have
misspelled it (e.g., `\hobx'), type `I' and the correct
spelling (e.g., `I\hbox'). Otherwise just continue,
and I'll forget about whatever was undefined.

! Undefined control sequence.
<recently read> \guidename 
                           
l.27 \large{\textbf{\guidename}
                               } \\ \mbox{} \\
The control sequence at the end of the top line
of your error message was never \def'ed. If you have
misspelled it (e.g., `\hobx'), type `I' and the correct
spelling (e.g., `I\hbox'). Otherwise just continue,
and I'll forget about whatever was undefined.


Overfull \hbox (43.90254pt too wide) in paragraph at lines 31--31
 []\OT1/cmr/bx/n/10 Bachelor 
 []


Overfull \hbox (9.26384pt too wide) in paragraph at lines 31--31
 \OT1/cmr/bx/n/10 of 
 []


Overfull \hbox (27.47208pt too wide) in paragraph at lines 31--31
 \OT1/cmr/bx/n/10 Com- 
 []


Overfull \hbox (27.25682pt too wide) in paragraph at lines 31--31
 \OT1/cmr/bx/n/10 puter 
 []


Overfull \hbox (17.77768pt too wide) in paragraph at lines 31--31
 \OT1/cmr/bx/n/10 En- 
 []


Overfull \hbox (12.77771pt too wide) in paragraph at lines 31--31
 \OT1/cmr/bx/n/10 gi- 
 []


Overfull \hbox (25.4999pt too wide) in paragraph at lines 31--31
 \OT1/cmr/bx/n/10 neer- 
 []


Overfull \hbox (15.49298pt too wide) in paragraph at lines 31--31
 \OT1/cmr/bx/n/10 ing 
 []


! LaTeX Error: There's no line here to end.

See the LaTeX manual or LaTeX Companion for explanation.
Type  H <return>  for immediate help.
 ...                                              
                                                  
l.31 ...tbf{Bachelor of Computer Engineering}\\ \\
                                                  
Your command was ignored.
Type  I <command> <return>  to replace it with another command,
or  <return>  to continue without it.

Missing character: There is no A in font nullfont!
Missing character: There is no t in font nullfont!
! Undefined control sequence.
l.35 \includegraphics
                     [width=2.5cm]{\logofile}%
The control sequence at the end of the top line
of your error message was never \def'ed. If you have
misspelled it (e.g., `\hobx'), type `I' and the correct
spelling (e.g., `I\hbox'). Otherwise just continue,
and I'll forget about whatever was undefined.

Missing character: There is no [ in font nullfont!
Missing character: There is no w in font nullfont!
Missing character: There is no i in font nullfont!
Missing character: There is no d in font nullfont!
Missing character: There is no t in font nullfont!
Missing character: There is no h in font nullfont!
Missing character: There is no = in font nullfont!
Missing character: There is no 2 in font nullfont!
Missing character: There is no . in font nullfont!
Missing character: There is no 5 in font nullfont!
Missing character: There is no c in font nullfont!
Missing character: There is no m in font nullfont!
Missing character: There is no ] in font nullfont!
! Undefined control sequence.
l.35 \includegraphics[width=2.5cm]{\logofile
                                            }%
The control sequence at the end of the top line
of your error message was never \def'ed. If you have
misspelled it (e.g., `\hobx'), type `I' and the correct
spelling (e.g., `I\hbox'). Otherwise just continue,
and I'll forget about whatever was undefined.


! LaTeX Error: The font size command \normalsize is not defined:
               there is probably something wrong with the class file.

See the LaTeX manual or LaTeX Companion for explanation.
Type  H <return>  for immediate help.
 ...                                              
                                                  
l.38 \normalsize
                {\textbf{Department of \department}} \\ \mbox{}
Your command was ignored.
Type  I <command> <return>  to replace it with another command,
or  <return>  to continue without it.

! Undefined control sequence.
<argument> Department of \department 
                                     
l.38 ...malsize{\textbf{Department of \department}
                                                  } \\ \mbox{}
The control sequence at the end of the top line
of your error message was never \def'ed. If you have
misspelled it (e.g., `\hobx'), type `I' and the correct
spelling (e.g., `I\hbox'). Otherwise just continue,
and I'll forget about whatever was undefined.


Overfull \hbox (17.92352pt too wide) in paragraph at lines 36--38
 \OT1/cmr/bx/n/10 De- 
 []


Overfull \hbox (25.02069pt too wide) in paragraph at lines 36--38
 \OT1/cmr/bx/n/10 part- 
 []


Overfull \hbox (25.3957pt too wide) in paragraph at lines 36--38
 \OT1/cmr/bx/n/10 ment 
 []


Overfull \hbox (10.3541pt too wide) in paragraph at lines 36--38
 \OT1/cmr/bx/n/10 of 
 []


! LaTeX Error: The font size command \normalsize is not defined:
               there is probably something wrong with the class file.

See the LaTeX manual or LaTeX Companion for explanation.
Type  H <return>  for immediate help.
 ...                                              
                                                  
l.39  \normalsize
                 {\textbf{\society }}\\ \mbox{}
Your command was ignored.
Type  I <command> <return>  to replace it with another command,
or  <return>  to continue without it.

! Undefined control sequence.
<recently read> \society 
                         
l.39  \normalsize{\textbf{\society }
                                    }\\ \mbox{}
The control sequence at the end of the top line
of your error message was never \def'ed. If you have
misspelled it (e.g., `\hobx'), type `I' and the correct
spelling (e.g., `I\hbox'). Otherwise just continue,
and I'll forget about whatever was undefined.

! Undefined control sequence.
l.40 \Large
           {\textbf{\insti1 \\ \mbox{}
The control sequence at the end of the top line
of your error message was never \def'ed. If you have
misspelled it (e.g., `\hobx'), type `I' and the correct
spelling (e.g., `I\hbox'). Otherwise just continue,
and I'll forget about whatever was undefined.

! Undefined control sequence.
<recently read> \insti 
                       
l.41 \place \\ \mbox{} }
                        }
The control sequence at the end of the top line
of your error message was never \def'ed. If you have
misspelled it (e.g., `\hobx'), type `I' and the correct
spelling (e.g., `I\hbox'). Otherwise just continue,
and I'll forget about whatever was undefined.


Overfull \hbox (5.74997pt too wide) in paragraph at lines 39--41
 \OT1/cmr/bx/n/10 1 
 []

! Undefined control sequence.
<argument> \insti 1 \\ \mbox {} \place 
                                       \\ \mbox {} 
l.41 \place \\ \mbox{} }
                        }
The control sequence at the end of the top line
of your error message was never \def'ed. If you have
misspelled it (e.g., `\hobx'), type `I' and the correct
spelling (e.g., `I\hbox'). Otherwise just continue,
and I'll forget about whatever was undefined.


! LaTeX Error: The font size command \normalsize is not defined:
               there is probably something wrong with the class file.

See the LaTeX manual or LaTeX Companion for explanation.
Type  H <return>  for immediate help.
 ...                                              
                                                  
l.42 \normalsize
                {\textbf{Academic Year  \year}}
Your command was ignored.
Type  I <command> <return>  to replace it with another command,
or  <return>  to continue without it.

! Missing number, treated as zero.
<to be read again> 
                   \aftergroup 
l.42 \normalsize{\textbf{Academic Year  \year}
                                              }
A number should have been here; I inserted `0'.
(If you can't figure out why I needed to see a number,
look up `weird error' in the index to The TeXbook.)


Overfull \hbox (23.22902pt too wide) in paragraph at lines 41--43
 \OT1/cmr/bx/n/10 Aca- 
 []


Overfull \hbox (29.54846pt too wide) in paragraph at lines 41--43
 \OT1/cmr/bx/n/10 demic 
 []


Overfull \hbox (23.3332pt too wide) in paragraph at lines 41--43
 \OT1/cmr/bx/n/10 Year 
 []

! Undefined control sequence.
<recently read> \small 
                       
l.43 \mbox{} \\\small
                     {Affiliated to}\\ \mbox{}
The control sequence at the end of the top line
of your error message was never \def'ed. If you have
misspelled it (e.g., `\hobx'), type `I' and the correct
spelling (e.g., `I\hbox'). Otherwise just continue,
and I'll forget about whatever was undefined.

Missing character: There is no A in font nullfont!
Missing character: There is no f in font nullfont!
Missing character: There is no f in font nullfont!
Missing character: There is no i in font nullfont!
Missing character: There is no l in font nullfont!
Missing character: There is no i in font nullfont!
Missing character: There is no a in font nullfont!
Missing character: There is no t in font nullfont!
Missing character: There is no e in font nullfont!
Missing character: There is no d in font nullfont!
Missing character: There is no t in font nullfont!
Missing character: There is no o in font nullfont!
! Undefined control sequence.
l.44 \includegraphics
                     [width=2.5cm]{Pune_univ_logo.jpg} \\
The control sequence at the end of the top line
of your error message was never \def'ed. If you have
misspelled it (e.g., `\hobx'), type `I' and the correct
spelling (e.g., `I\hbox'). Otherwise just continue,
and I'll forget about whatever was undefined.

Missing character: There is no [ in font nullfont!
Missing character: There is no w in font nullfont!
Missing character: There is no i in font nullfont!
Missing character: There is no d in font nullfont!
Missing character: There is no t in font nullfont!
Missing character: There is no h in font nullfont!
Missing character: There is no = in font nullfont!
Missing character: There is no 2 in font nullfont!
Missing character: There is no . in font nullfont!
Missing character: There is no 5 in font nullfont!
Missing character: There is no c in font nullfont!
Missing character: There is no m in font nullfont!
Missing character: There is no ] in font nullfont!
Missing character: There is no P in font nullfont!
Missing character: There is no u in font nullfont!
Missing character: There is no n in font nullfont!
Missing character: There is no e in font nullfont!
! Missing $ inserted.
<inserted text> 
                $
l.44 \includegraphics[width=2.5cm]{Pune_
                                        univ_logo.jpg} \\
I've inserted a begin-math/end-math symbol since I think
you left one out. Proceed, with fingers crossed.

LaTeX Font Info:    External font `cmex10' loaded for size
(Font)              <7> on input line 44.
LaTeX Font Info:    External font `cmex10' loaded for size
(Font)              <5> on input line 44.
! Extra }, or forgotten $.
l.44 ...egraphics[width=2.5cm]{Pune_univ_logo.jpg}
                                                   \\
I've deleted a group-closing symbol because it seems to be
spurious, as in `$x}$'. But perhaps the } is legitimate and
you forgot something else, as in `\hbox{$x}'. In such cases
the way to recover is to insert both the forgotten and the
deleted material, e.g., by typing `I$}'.


! LaTeX Error: There's no line here to end.

See the LaTeX manual or LaTeX Companion for explanation.
Type  H <return>  for immediate help.
 ...                                              
                                                  
l.44 ...aphics[width=2.5cm]{Pune_univ_logo.jpg} \\
                                                  
Your command was ignored.
Type  I <command> <return>  to replace it with another command,
or  <return>  to continue without it.

! Missing $ inserted.
<inserted text> 
                $
l.44 ...aphics[width=2.5cm]{Pune_univ_logo.jpg} \\
                                                  
I've inserted a begin-math/end-math symbol since I think
you left one out. Proceed, with fingers crossed.

! Missing } inserted.
<inserted text> 
                }
l.44 ...aphics[width=2.5cm]{Pune_univ_logo.jpg} \\
                                                  
I've inserted something that you may have forgotten.
(See the <inserted text> above.)
With luck, this will get me unwedged. But if you
really didn't forget anything, try typing `2' now; then
my insertion and my current dilemma will both disappear.


Overfull \hbox (55.04314pt too wide) in paragraph at lines 43--44
 []\OML/cmm/m/it/10 niv[]ogo:jpg[]$ 
 []

! Undefined control sequence.
<recently read> \Large 
                       
l.45 \Large
           {\textbf{University of PUNE}}
The control sequence at the end of the top line
of your error message was never \def'ed. If you have
misspelled it (e.g., `\hobx'), type `I' and the correct
spelling (e.g., `I\hbox'). Otherwise just continue,
and I'll forget about whatever was undefined.


Overfull \hbox (52.14pt too wide) in paragraph at lines 45--47
 []\OT1/cmr/bx/n/10 University 
 []


Overfull \hbox (9.26384pt too wide) in paragraph at lines 45--47
 \OT1/cmr/bx/n/10 of 
 []


Overfull \hbox (33.2637pt too wide) in paragraph at lines 45--47
 \OT1/cmr/bx/n/10 PUNE 
 []

! Missing } inserted.
<inserted text> 
                }
l.47 \end{center}
                 
I've inserted something that you may have forgotten.
(See the <inserted text> above.)
With luck, this will get me unwedged. But if you
really didn't forget anything, try typing `2' now; then
my insertion and my current dilemma will both disappear.


! LaTeX Error: \begin{document} ended by \end{titlepage}.

See the LaTeX manual or LaTeX Companion for explanation.
Type  H <return>  for immediate help.
 ...                                              
                                                  
l.49 \end{titlepage}
                    
Your command was ignored.
Type  I <command> <return>  to replace it with another command,
or  <return>  to continue without it.

)
! Emergency stop.
<*> titlepage.tex
                 
*** (job aborted, no legal \end found)

 
Here is how much of TeX's memory you used:
 26 strings out of 493921
 400 string characters out of 3147276
 51031 words of memory out of 3000000
 3417 multiletter control sequences out of 15000+200000
 4307 words of font info for 16 fonts, out of 3000000 for 9000
 841 hyphenation exceptions out of 8191
 18i,2n,12p,99b,158s stack positions out of 5000i,500n,10000p,200000b,50000s
!  ==> Fatal error occurred, no output PDF file produced!
